[35m[Appium][39m Welcome to Appium v1.17.1
[35m[Appium][39m Non-default server args:
[35m[Appium][39m   port: 59543
[35m[Appium][39m   loglevel: info
[35m[Appium][39m   tmpDir: C:\Users\RISHAB~1\AppData\Local\Temp\\Katalon\Appium\Temp1654592818613
[35m[Appium][39m   chromedriverPort: 59544
[35m[Appium][39m Deprecated server args:
[35m[Appium][39m   [31m--chromedriver-port[39m => --default-capabilities '{"chromedriverPort":59544}'
[35m[Appium][39m Default capabilities, which will be added to each request unless overridden by desired capabilities:
[35m[Appium][39m   chromedriverPort: 59544
[35m[Appium][39m Appium REST http interface listener started on 0.0.0.0:59543
[35m[HTTP][39m [37m-->[39m [37mGET[39m [37m/wd/hub/status[39m
[35m[HTTP][39m [90m{}[39m
[35m[HTTP][39m [37m<-- GET /wd/hub/status [39m[32m200[39m [90m6 ms - 68[39m
[35m[HTTP][39m [90m[39m
[35m[HTTP][39m [37m-->[39m [37mGET[39m [37m/wd/hub/status[39m
[35m[HTTP][39m [90m{}[39m
[35m[HTTP][39m [37m<-- GET /wd/hub/status [39m[32m200[39m [90m1 ms - 68[39m
[35m[HTTP][39m [90m[39m
[35m[HTTP][39m [37m-->[39m [37mPOST[39m [37m/wd/hub/session[39m
[35m[HTTP][39m [90m{"desiredCapabilities":{"app":"C:\\Users\\RishabhGungah\\Downloads\\GradientShowcase-release.apk","noReset":true,"deviceName":"HUAWEI DRA-LX9 (Android 10)","fullReset":false,"platform":"ANDROID","newCommandTimeout":1800,"platformVersion":"10","automationName":"uiautomator2","autoGrantPermissions":true,"platformName":"Android","udid":"9FT9K21826905138","systemPort":59552},"capabilities":{"firstMatch":[{"appium:app":"C:\\Users\\RishabhGungah\\Downloads\\GradientShowcase-release.apk","appium:autoGrantPermissions":true,"appium:automationName":"uiautomator2","appium:deviceName":"HUAWEI DRA-LX9 (Android 10)","appium:fullReset":false,"appium:newCommandTimeout":1800,"appium:noReset":true,"platform":"ANDROID","platformName":"android","appium:platformVersion":"10","appium:systemPort":59552,"appium:udid":"9FT9K21826905138"}]}}[39m
[35m[BaseDriver][39m The following capabilities are not standard capabilities and should have an extension prefix:
[35m[BaseDriver][39m   platform
[35m[BaseDriver][39m   chromedriverPort
[35m[Appium][39m Appium v1.17.1 creating new AndroidUiautomator2Driver (v1.44.2) session
[35m[BaseDriver][39m The following capabilities were provided, but are not recognized by Appium:
[35m[BaseDriver][39m   platform
[35m[BaseDriver][39m Session created with session id: 56eaf1e3-176b-45a0-ad7c-61fdbe9bf019
[35m[BaseDriver][39m Using local app 'C:\Users\RishabhGungah\Downloads\GradientShowcase-release.apk'
[35m[ADB][39m Found 1 'build-tools' folders under 'C:\Users\RishabhGungah\.katalon\tools\android_sdk' (newest first):
[35m[ADB][39m     C:/Users/RishabhGungah/.katalon/tools/android_sdk/build-tools/29.0.3
[35m[ADB][39m Using 'adb.exe' from 'C:\Users\RishabhGungah\.katalon\tools\android_sdk\platform-tools\adb.exe'
[35m[AndroidDriver][39m Retrieving device list
[35m[AndroidDriver][39m Using device: 9FT9K21826905138
[35m[ADB][39m Using 'adb.exe' from 'C:\Users\RishabhGungah\.katalon\tools\android_sdk\platform-tools\adb.exe'
[35m[ADB][39m Getting device platform version
[35m[UiAutomator2][39m Relaxing hidden api policy
[35m[ADB][39m Package name: 'com.gradientshowcase'
[35m[ADB][39m Main activity name: 'com.gradientshowcase.MainActivity'
[35m[ADB][39m Using 'apksigner.jar' from 'C:\Users\RishabhGungah\.katalon\tools\android_sdk\build-tools\29.0.3\lib\apksigner.jar'
[35m[UiAutomator2][39m Server packages are not going to be (re)installed
[35m[UiAutomator2][39m Starting UIAutomator2 server 4.5.5
[35m[UiAutomator2][39m Using UIAutomator2 server from 'C:\Users\Rishabh\AppData\Roaming\npm\node_modules\appium\node_modules\appium-uiautomator2-server\apks\appium-uiautomator2-server-v4.5.5.apk' and test from 'C:\Users\Rishabh\AppData\Roaming\npm\node_modules\appium\node_modules\appium-uiautomator2-server\apks\appium-uiautomator2-server-debug-androidTest.apk'
[35m[UiAutomator2][39m Waiting up to 30000ms for UiAutomator2 to be online...
[35m[WD Proxy][39m Got response with unknown status: {"code":"ECONNRESET"}
[35m[WD Proxy][39m Got response with unknown status: {"code":"ECONNRESET"}
[35m[WD Proxy][39m Got response with unknown status: {"code":"ECONNRESET"}
[35m[WD Proxy][39m Determined the downstream protocol as 'W3C'
[35m[AndroidDriver][39m Screen already unlocked, doing nothing
[35m[UiAutomator2][39m Starting 'com.gradientshowcase/com.gradientshowcase.MainActivity and waiting for 'com.gradientshowcase/com.gradientshowcase.MainActivity'
[35m[Appium][39m New AndroidUiautomator2Driver session created successfully, session 56eaf1e3-176b-45a0-ad7c-61fdbe9bf019 added to master session list
[35m[HTTP][39m [37m<-- POST /wd/hub/session [39m[32m200[39m [90m12277 ms - 1296[39m
[35m[HTTP][39m [90m[39m
[35m[HTTP][39m [37m-->[39m [37mGET[39m [37m/wd/hub/session/56eaf1e3-176b-45a0-ad7c-61fdbe9bf019[39m
[35m[HTTP][39m [90m{}[39m
[35m[HTTP][39m [37m<-- GET /wd/hub/session/56eaf1e3-176b-45a0-ad7c-61fdbe9bf019 [39m[32m200[39m [90m18 ms - 1228[39m
[35m[HTTP][39m [90m[39m
[35m[HTTP][39m [37m-->[39m [37mGET[39m [37m/wd/hub/session/56eaf1e3-176b-45a0-ad7c-61fdbe9bf019[39m
[35m[HTTP][39m [90m{}[39m
[35m[HTTP][39m [37m<-- GET /wd/hub/session/56eaf1e3-176b-45a0-ad7c-61fdbe9bf019 [39m[32m200[39m [90m15 ms - 1228[39m
[35m[HTTP][39m [90m[39m
[35m[HTTP][39m [37m-->[39m [37mGET[39m [37m/wd/hub/status[39m
[35m[HTTP][39m [90m{}[39m
[35m[HTTP][39m [37m<-- GET /wd/hub/status [39m[32m200[39m [90m1 ms - 68[39m
[35m[HTTP][39m [90m[39m
[35m[HTTP][39m [37m-->[39m [37mPOST[39m [37m/wd/hub/session/56eaf1e3-176b-45a0-ad7c-61fdbe9bf019/timeouts[39m
[35m[HTTP][39m [90m{"implicit":60000}[39m
[35m[HTTP][39m [37m<-- POST /wd/hub/session/56eaf1e3-176b-45a0-ad7c-61fdbe9bf019/timeouts [39m[32m200[39m [90m5 ms - 14[39m
[35m[HTTP][39m [90m[39m
[35m[HTTP][39m [37m-->[39m [37mGET[39m [37m/wd/hub/session/56eaf1e3-176b-45a0-ad7c-61fdbe9bf019/source[39m
[35m[HTTP][39m [90m{}[39m
[35m[W3C (56eaf1e3)][39m Driver proxy active, passing request on via HTTP proxy
[35m[WD Proxy][39m Replacing sessionId 6086f40b-7e7d-4ead-b419-a2de349cea17 with 56eaf1e3-176b-45a0-ad7c-61fdbe9bf019
[35m[HTTP][39m [37m<-- GET /wd/hub/session/56eaf1e3-176b-45a0-ad7c-61fdbe9bf019/source [39m[32m200[39m [90m172 ms - 1868[39m
[35m[HTTP][39m [90m[39m
[35m[HTTP][39m [37m-->[39m [37mGET[39m [37m/wd/hub/session/56eaf1e3-176b-45a0-ad7c-61fdbe9bf019/screenshot[39m
[35m[HTTP][39m [90m{}[39m
[35m[HTTP][39m [37m<-- GET /wd/hub/session/56eaf1e3-176b-45a0-ad7c-61fdbe9bf019/screenshot [39m[32m200[39m [90m655 ms - 31106[39m
[35m[HTTP][39m [90m[39m
[35m[HTTP][39m [37m-->[39m [37mGET[39m [37m/wd/hub/session/56eaf1e3-176b-45a0-ad7c-61fdbe9bf019/source[39m
[35m[HTTP][39m [90m{}[39m
[35m[W3C (56eaf1e3)][39m Driver proxy active, passing request on via HTTP proxy
[35m[WD Proxy][39m Replacing sessionId 6086f40b-7e7d-4ead-b419-a2de349cea17 with 56eaf1e3-176b-45a0-ad7c-61fdbe9bf019
[35m[HTTP][39m [37m<-- GET /wd/hub/session/56eaf1e3-176b-45a0-ad7c-61fdbe9bf019/source [39m[32m200[39m [90m198 ms - 5583[39m
[35m[HTTP][39m [90m[39m
[35m[HTTP][39m [37m-->[39m [37mGET[39m [37m/wd/hub/session/56eaf1e3-176b-45a0-ad7c-61fdbe9bf019/screenshot[39m
[35m[HTTP][39m [90m{}[39m
[35m[HTTP][39m [37m<-- GET /wd/hub/session/56eaf1e3-176b-45a0-ad7c-61fdbe9bf019/screenshot [39m[32m200[39m [90m897 ms - 181486[39m
[35m[HTTP][39m [90m[39m
[35m[HTTP][39m [37m-->[39m [37mGET[39m [37m/wd/hub/session/56eaf1e3-176b-45a0-ad7c-61fdbe9bf019/source[39m
[35m[HTTP][39m [90m{}[39m
[35m[W3C (56eaf1e3)][39m Driver proxy active, passing request on via HTTP proxy
[35m[WD Proxy][39m Replacing sessionId 6086f40b-7e7d-4ead-b419-a2de349cea17 with 56eaf1e3-176b-45a0-ad7c-61fdbe9bf019
[35m[HTTP][39m [37m<-- GET /wd/hub/session/56eaf1e3-176b-45a0-ad7c-61fdbe9bf019/source [39m[32m200[39m [90m658 ms - 28741[39m
[35m[HTTP][39m [90m[39m
[35m[HTTP][39m [37m-->[39m [37mGET[39m [37m/wd/hub/session/56eaf1e3-176b-45a0-ad7c-61fdbe9bf019/screenshot[39m
[35m[HTTP][39m [90m{}[39m
[35m[HTTP][39m [37m<-- GET /wd/hub/session/56eaf1e3-176b-45a0-ad7c-61fdbe9bf019/screenshot [39m[32m200[39m [90m673 ms - 104492[39m
[35m[HTTP][39m [90m[39m
[35m[HTTP][39m [37m-->[39m [37mGET[39m [37m/wd/hub/session/56eaf1e3-176b-45a0-ad7c-61fdbe9bf019/source[39m
[35m[HTTP][39m [90m{}[39m
[35m[W3C (56eaf1e3)][39m Driver proxy active, passing request on via HTTP proxy
[35m[WD Proxy][39m Replacing sessionId 6086f40b-7e7d-4ead-b419-a2de349cea17 with 56eaf1e3-176b-45a0-ad7c-61fdbe9bf019
[35m[HTTP][39m [37m<-- GET /wd/hub/session/56eaf1e3-176b-45a0-ad7c-61fdbe9bf019/source [39m[32m200[39m [90m456 ms - 28741[39m
[35m[HTTP][39m [90m[39m
[35m[HTTP][39m [37m-->[39m [37mGET[39m [37m/wd/hub/session/56eaf1e3-176b-45a0-ad7c-61fdbe9bf019/screenshot[39m
[35m[HTTP][39m [90m{}[39m
[35m[HTTP][39m [37m<-- GET /wd/hub/session/56eaf1e3-176b-45a0-ad7c-61fdbe9bf019/screenshot [39m[32m200[39m [90m738 ms - 104488[39m
[35m[HTTP][39m [90m[39m
[35m[HTTP][39m [37m-->[39m [37mPOST[39m [37m/wd/hub/session/56eaf1e3-176b-45a0-ad7c-61fdbe9bf019/elements[39m
[35m[HTTP][39m [90m{"using":"xpath","value":"//*[@class = 'android.view.View' and (@text = 'WRONG EMAIL OR PASSWORD.' or . = 'WRONG EMAIL OR PASSWORD.')]"}[39m
[35m[HTTP][39m [37m<-- POST /wd/hub/session/56eaf1e3-176b-45a0-ad7c-61fdbe9bf019/elements [39m[32m200[39m [90m789 ms - 139[39m
[35m[HTTP][39m [90m[39m
[35m[HTTP][39m [37m-->[39m [37mDELETE[39m [37m/wd/hub/session/56eaf1e3-176b-45a0-ad7c-61fdbe9bf019[39m
[35m[HTTP][39m [90m{}[39m
[35m[Appium][39m Removing session 56eaf1e3-176b-45a0-ad7c-61fdbe9bf019 from our master session list
[35m[UiAutomator2][39m Restoring hidden api policy to the device default configuration
[35m[HTTP][39m [37m<-- DELETE /wd/hub/session/56eaf1e3-176b-45a0-ad7c-61fdbe9bf019 [39m[32m200[39m [90m694 ms - 14[39m
[35m[HTTP][39m [90m[39m
